{"D:\\CelebalTasks\\Notepad\\app.js": {"path":"D:\\CelebalTasks\\Notepad\\app.js","statementMap":{"0":{"start":{"line":1,"column":14},"end":{"line":1,"column":32}},"1":{"start":{"line":2,"column":11},"end":{"line":2,"column":26}},"2":{"start":{"line":3,"column":19},"end":{"line":3,"column":43}},"3":{"start":{"line":4,"column":13},"end":{"line":4,"column":30}},"4":{"start":{"line":5,"column":17},"end":{"line":5,"column":39}},"5":{"start":{"line":6,"column":11},"end":{"line":6,"column":26}},"6":{"start":{"line":7,"column":16},"end":{"line":7,"column":36}},"7":{"start":{"line":8,"column":18},"end":{"line":8,"column":43}},"8":{"start":{"line":9,"column":18},"end":{"line":9,"column":43}},"9":{"start":{"line":10,"column":10},"end":{"line":10,"column":33}},"10":{"start":{"line":11,"column":13},"end":{"line":11,"column":30}},"11":{"start":{"line":12,"column":11},"end":{"line":12,"column":26}},"12":{"start":{"line":14,"column":10},"end":{"line":14,"column":19}},"13":{"start":{"line":16,"column":12},"end":{"line":16,"column":33}},"14":{"start":{"line":17,"column":16},"end":{"line":17,"column":47}},"15":{"start":{"line":18,"column":0},"end":{"line":18,"column":28}},"16":{"start":{"line":20,"column":21},"end":{"line":20,"column":45}},"17":{"start":{"line":21,"column":18},"end":{"line":21,"column":47}},"18":{"start":{"line":23,"column":26},"end":{"line":45,"column":1}},"19":{"start":{"line":47,"column":16},"end":{"line":53,"column":1}},"20":{"start":{"line":55,"column":20},"end":{"line":55,"column":41}},"21":{"start":{"line":56,"column":0},"end":{"line":56,"column":68}},"22":{"start":{"line":58,"column":11},"end":{"line":58,"column":37}},"23":{"start":{"line":59,"column":0},"end":{"line":59,"column":23}},"24":{"start":{"line":60,"column":0},"end":{"line":60,"column":24}},"25":{"start":{"line":61,"column":0},"end":{"line":61,"column":49}},"26":{"start":{"line":62,"column":0},"end":{"line":62,"column":24}},"27":{"start":{"line":63,"column":0},"end":{"line":63,"column":56}},"28":{"start":{"line":65,"column":0},"end":{"line":65,"column":27}},"29":{"start":{"line":67,"column":0},"end":{"line":67,"column":26}},"30":{"start":{"line":68,"column":0},"end":{"line":68,"column":31}},"31":{"start":{"line":70,"column":0},"end":{"line":70,"column":48}},"32":{"start":{"line":71,"column":0},"end":{"line":71,"column":30}},"33":{"start":{"line":73,"column":0},"end":{"line":88,"column":3}},"34":{"start":{"line":74,"column":13},"end":{"line":74,"column":26}},"35":{"start":{"line":79,"column":2},"end":{"line":87,"column":4}},"36":{"start":{"line":83,"column":6},"end":{"line":85,"column":7}},"37":{"start":{"line":84,"column":8},"end":{"line":84,"column":61}},"38":{"start":{"line":84,"column":29},"end":{"line":84,"column":61}},"39":{"start":{"line":90,"column":0},"end":{"line":90,"column":20}},"40":{"start":{"line":92,"column":0},"end":{"line":92,"column":21}}},"fnMap":{"0":{"name":"(anonymous_0)","decl":{"start":{"line":73,"column":25},"end":{"line":73,"column":26}},"loc":{"start":{"line":73,"column":45},"end":{"line":88,"column":1}},"line":73},"1":{"name":"(anonymous_1)","decl":{"start":{"line":82,"column":4},"end":{"line":82,"column":5}},"loc":{"start":{"line":82,"column":15},"end":{"line":86,"column":5}},"line":82}},"branchMap":{"0":{"loc":{"start":{"line":83,"column":6},"end":{"line":85,"column":7}},"type":"if","locations":[{"start":{"line":83,"column":6},"end":{"line":85,"column":7}},{"start":{},"end":{}}],"line":83},"1":{"loc":{"start":{"line":84,"column":8},"end":{"line":84,"column":61}},"type":"if","locations":[{"start":{"line":84,"column":8},"end":{"line":84,"column":61}},{"start":{},"end":{}}],"line":84}},"s":{"0":1,"1":1,"2":1,"3":1,"4":1,"5":1,"6":1,"7":1,"8":1,"9":1,"10":1,"11":1,"12":1,"13":1,"14":1,"15":1,"16":1,"17":1,"18":1,"19":1,"20":1,"21":1,"22":1,"23":1,"24":1,"25":1,"26":1,"27":1,"28":1,"29":1,"30":1,"31":1,"32":1,"33":1,"34":0,"35":0,"36":0,"37":0,"38":0,"39":1,"40":1},"f":{"0":0,"1":0},"b":{"0":[0,0],"1":[0,0]},"_coverageSchema":"1a1c01bbd47fc00a2c39e90264f33305004495a9","hash":"a663fdcccc24994b832709f3838a00d0d21eca1c"}
,"D:\\CelebalTasks\\Notepad\\cache.js": {"path":"D:\\CelebalTasks\\Notepad\\cache.js","statementMap":{"0":{"start":{"line":1,"column":18},"end":{"line":1,"column":39}},"1":{"start":{"line":3,"column":14},"end":{"line":3,"column":29}},"2":{"start":{"line":5,"column":0},"end":{"line":30,"column":2}},"3":{"start":{"line":5,"column":31},"end":{"line":30,"column":1}},"4":{"start":{"line":7,"column":2},"end":{"line":11,"column":3}},"5":{"start":{"line":9,"column":4},"end":{"line":9,"column":50}},"6":{"start":{"line":10,"column":4},"end":{"line":10,"column":18}},"7":{"start":{"line":13,"column":14},"end":{"line":13,"column":29}},"8":{"start":{"line":15,"column":24},"end":{"line":15,"column":38}},"9":{"start":{"line":17,"column":2},"end":{"line":29,"column":3}},"10":{"start":{"line":18,"column":4},"end":{"line":18,"column":40}},"11":{"start":{"line":19,"column":4},"end":{"line":19,"column":28}},"12":{"start":{"line":21,"column":4},"end":{"line":21,"column":41}},"13":{"start":{"line":22,"column":4},"end":{"line":22,"column":21}},"14":{"start":{"line":23,"column":4},"end":{"line":23,"column":32}},"15":{"start":{"line":24,"column":4},"end":{"line":27,"column":6}},"16":{"start":{"line":25,"column":6},"end":{"line":25,"column":29}},"17":{"start":{"line":26,"column":6},"end":{"line":26,"column":37}},"18":{"start":{"line":28,"column":4},"end":{"line":28,"column":11}}},"fnMap":{"0":{"name":"(anonymous_0)","decl":{"start":{"line":5,"column":17},"end":{"line":5,"column":18}},"loc":{"start":{"line":5,"column":31},"end":{"line":30,"column":1}},"line":5},"1":{"name":"(anonymous_1)","decl":{"start":{"line":5,"column":31},"end":{"line":5,"column":32}},"loc":{"start":{"line":5,"column":51},"end":{"line":30,"column":1}},"line":5},"2":{"name":"(anonymous_2)","decl":{"start":{"line":24,"column":15},"end":{"line":24,"column":16}},"loc":{"start":{"line":24,"column":25},"end":{"line":27,"column":5}},"line":24}},"branchMap":{"0":{"loc":{"start":{"line":7,"column":2},"end":{"line":11,"column":3}},"type":"if","locations":[{"start":{"line":7,"column":2},"end":{"line":11,"column":3}},{"start":{},"end":{}}],"line":7},"1":{"loc":{"start":{"line":17,"column":2},"end":{"line":29,"column":3}},"type":"if","locations":[{"start":{"line":17,"column":2},"end":{"line":29,"column":3}},{"start":{"line":20,"column":9},"end":{"line":29,"column":3}}],"line":17}},"s":{"0":1,"1":1,"2":1,"3":2,"4":3,"5":0,"6":0,"7":3,"8":3,"9":3,"10":0,"11":0,"12":3,"13":3,"14":3,"15":3,"16":4,"17":4,"18":3},"f":{"0":2,"1":3,"2":4},"b":{"0":[0,3],"1":[0,3]},"_coverageSchema":"1a1c01bbd47fc00a2c39e90264f33305004495a9","hash":"043b5668cd5dafeae54d06d413fe496cc97e10e0"}
,"D:\\CelebalTasks\\Notepad\\config\\config": {"path":"D:\\CelebalTasks\\Notepad\\config\\config","statementMap":{"0":{"start":{"line":1,"column":33},"end":{"line":1,"column":53}},"1":{"start":{"line":3,"column":18},"end":{"line":11,"column":2}},"2":{"start":{"line":13,"column":11},"end":{"line":13,"column":13}},"3":{"start":{"line":15,"column":0},"end":{"line":15,"column":25}},"4":{"start":{"line":16,"column":0},"end":{"line":16,"column":25}},"5":{"start":{"line":18,"column":0},"end":{"line":18,"column":59}},"6":{"start":{"line":20,"column":0},"end":{"line":20,"column":20}}},"fnMap":{},"branchMap":{},"s":{"0":1,"1":1,"2":1,"3":1,"4":1,"5":1,"6":1},"f":{},"b":{},"inputSourceMap":null,"_coverageSchema":"1a1c01bbd47fc00a2c39e90264f33305004495a9","hash":"da482a4259128ae0a19017626f3c002f49db6551"}
,"D:\\CelebalTasks\\Notepad\\controllers\\users.js": {"path":"D:\\CelebalTasks\\Notepad\\controllers\\users.js","statementMap":{"0":{"start":{"line":1,"column":16},"end":{"line":1,"column":34}},"1":{"start":{"line":2,"column":15},"end":{"line":2,"column":31}},"2":{"start":{"line":3,"column":14},"end":{"line":3,"column":35}},"3":{"start":{"line":4,"column":12},"end":{"line":4,"column":29}},"4":{"start":{"line":5,"column":11},"end":{"line":5,"column":24}},"5":{"start":{"line":6,"column":20},"end":{"line":6,"column":29}},"6":{"start":{"line":7,"column":13},"end":{"line":7,"column":28}},"7":{"start":{"line":8,"column":13},"end":{"line":8,"column":28}},"8":{"start":{"line":9,"column":15},"end":{"line":9,"column":32}},"9":{"start":{"line":10,"column":12},"end":{"line":10,"column":35}},"10":{"start":{"line":11,"column":14},"end":{"line":11,"column":30}},"11":{"start":{"line":12,"column":18},"end":{"line":12,"column":39}},"12":{"start":{"line":13,"column":11},"end":{"line":13,"column":38}},"13":{"start":{"line":14,"column":11},"end":{"line":14,"column":26}},"14":{"start":{"line":15,"column":14},"end":{"line":15,"column":22}},"15":{"start":{"line":17,"column":14},"end":{"line":17,"column":16}},"16":{"start":{"line":19,"column":17},"end":{"line":42,"column":1}},"17":{"start":{"line":20,"column":2},"end":{"line":41,"column":3}},"18":{"start":{"line":21,"column":4},"end":{"line":38,"column":23}},"19":{"start":{"line":22,"column":17},"end":{"line":22,"column":25}},"20":{"start":{"line":23,"column":6},"end":{"line":37,"column":8}},"21":{"start":{"line":27,"column":22},"end":{"line":31,"column":11}},"22":{"start":{"line":33,"column":10},"end":{"line":35,"column":13}},"23":{"start":{"line":34,"column":12},"end":{"line":34,"column":43}},"24":{"start":{"line":38,"column":11},"end":{"line":38,"column":23}},"25":{"start":{"line":40,"column":4},"end":{"line":40,"column":54}},"26":{"start":{"line":44,"column":18},"end":{"line":57,"column":1}},"27":{"start":{"line":45,"column":2},"end":{"line":56,"column":3}},"28":{"start":{"line":46,"column":15},"end":{"line":48,"column":6}},"29":{"start":{"line":49,"column":4},"end":{"line":49,"column":31}},"30":{"start":{"line":50,"column":4},"end":{"line":50,"column":22}},"31":{"start":{"line":52,"column":4},"end":{"line":54,"column":7}},"32":{"start":{"line":55,"column":4},"end":{"line":55,"column":33}},"33":{"start":{"line":59,"column":21},"end":{"line":73,"column":1}},"34":{"start":{"line":60,"column":2},"end":{"line":72,"column":3}},"35":{"start":{"line":61,"column":13},"end":{"line":61,"column":26}},"36":{"start":{"line":62,"column":15},"end":{"line":66,"column":6}},"37":{"start":{"line":67,"column":4},"end":{"line":69,"column":7}},"38":{"start":{"line":68,"column":6},"end":{"line":68,"column":33}},"39":{"start":{"line":71,"column":4},"end":{"line":71,"column":43}},"40":{"start":{"line":75,"column":18},"end":{"line":112,"column":1}},"41":{"start":{"line":76,"column":2},"end":{"line":111,"column":3}},"42":{"start":{"line":77,"column":15},"end":{"line":77,"column":23}},"43":{"start":{"line":78,"column":16},"end":{"line":78,"column":29}},"44":{"start":{"line":80,"column":15},"end":{"line":84,"column":6}},"45":{"start":{"line":86,"column":4},"end":{"line":108,"column":7}},"46":{"start":{"line":87,"column":6},"end":{"line":87,"column":35}},"47":{"start":{"line":88,"column":6},"end":{"line":107,"column":7}},"48":{"start":{"line":89,"column":8},"end":{"line":89,"column":35}},"49":{"start":{"line":90,"column":8},"end":{"line":102,"column":11}},"50":{"start":{"line":95,"column":10},"end":{"line":100,"column":12}},"51":{"start":{"line":101,"column":10},"end":{"line":101,"column":55}},"52":{"start":{"line":103,"column":13},"end":{"line":107,"column":7}},"53":{"start":{"line":104,"column":8},"end":{"line":106,"column":11}},"54":{"start":{"line":110,"column":4},"end":{"line":110,"column":31}},"55":{"start":{"line":114,"column":17},"end":{"line":146,"column":1}},"56":{"start":{"line":115,"column":2},"end":{"line":145,"column":3}},"57":{"start":{"line":116,"column":15},"end":{"line":116,"column":23}},"58":{"start":{"line":117,"column":16},"end":{"line":117,"column":29}},"59":{"start":{"line":118,"column":15},"end":{"line":122,"column":6}},"60":{"start":{"line":124,"column":4},"end":{"line":142,"column":7}},"61":{"start":{"line":125,"column":6},"end":{"line":141,"column":7}},"62":{"start":{"line":126,"column":8},"end":{"line":126,"column":35}},"63":{"start":{"line":127,"column":8},"end":{"line":136,"column":11}},"64":{"start":{"line":129,"column":10},"end":{"line":134,"column":12}},"65":{"start":{"line":135,"column":10},"end":{"line":135,"column":55}},"66":{"start":{"line":137,"column":13},"end":{"line":141,"column":7}},"67":{"start":{"line":138,"column":8},"end":{"line":140,"column":11}},"68":{"start":{"line":144,"column":4},"end":{"line":144,"column":31}},"69":{"start":{"line":147,"column":18},"end":{"line":172,"column":1}},"70":{"start":{"line":148,"column":2},"end":{"line":171,"column":3}},"71":{"start":{"line":149,"column":16},"end":{"line":149,"column":29}},"72":{"start":{"line":150,"column":15},"end":{"line":154,"column":6}},"73":{"start":{"line":155,"column":4},"end":{"line":168,"column":7}},"74":{"start":{"line":156,"column":17},"end":{"line":156,"column":25}},"75":{"start":{"line":157,"column":6},"end":{"line":167,"column":7}},"76":{"start":{"line":158,"column":8},"end":{"line":158,"column":35}},"77":{"start":{"line":159,"column":8},"end":{"line":162,"column":11}},"78":{"start":{"line":160,"column":10},"end":{"line":160,"column":52}},"79":{"start":{"line":161,"column":10},"end":{"line":161,"column":59}},"80":{"start":{"line":163,"column":13},"end":{"line":167,"column":7}},"81":{"start":{"line":164,"column":8},"end":{"line":166,"column":11}},"82":{"start":{"line":170,"column":4},"end":{"line":170,"column":31}},"83":{"start":{"line":174,"column":11},"end":{"line":184,"column":1}},"84":{"start":{"line":175,"column":2},"end":{"line":183,"column":3}},"85":{"start":{"line":176,"column":27},"end":{"line":176,"column":67}},"86":{"start":{"line":177,"column":17},"end":{"line":177,"column":66}},"87":{"start":{"line":178,"column":4},"end":{"line":178,"column":21}},"88":{"start":{"line":179,"column":4},"end":{"line":179,"column":23}},"89":{"start":{"line":180,"column":4},"end":{"line":180,"column":27}},"90":{"start":{"line":182,"column":4},"end":{"line":182,"column":27}},"91":{"start":{"line":186,"column":12},"end":{"line":202,"column":1}},"92":{"start":{"line":187,"column":2},"end":{"line":201,"column":3}},"93":{"start":{"line":189,"column":17},"end":{"line":193,"column":5}},"94":{"start":{"line":194,"column":4},"end":{"line":198,"column":7}},"95":{"start":{"line":195,"column":6},"end":{"line":197,"column":9}},"96":{"start":{"line":200,"column":4},"end":{"line":200,"column":31}},"97":{"start":{"line":204,"column":15},"end":{"line":219,"column":1}},"98":{"start":{"line":205,"column":2},"end":{"line":218,"column":3}},"99":{"start":{"line":206,"column":4},"end":{"line":215,"column":7}},"100":{"start":{"line":207,"column":6},"end":{"line":214,"column":7}},"101":{"start":{"line":208,"column":8},"end":{"line":208,"column":28}},"102":{"start":{"line":210,"column":8},"end":{"line":213,"column":11}},"103":{"start":{"line":217,"column":4},"end":{"line":217,"column":31}},"104":{"start":{"line":222,"column":2},"end":{"line":234,"column":3}},"105":{"start":{"line":223,"column":25},"end":{"line":223,"column":53}},"106":{"start":{"line":224,"column":4},"end":{"line":231,"column":5}},"107":{"start":{"line":225,"column":21},"end":{"line":225,"column":44}},"108":{"start":{"line":226,"column":26},"end":{"line":226,"column":35}},"109":{"start":{"line":227,"column":6},"end":{"line":227,"column":30}},"110":{"start":{"line":228,"column":6},"end":{"line":228,"column":13}},"111":{"start":{"line":230,"column":6},"end":{"line":230,"column":26}},"112":{"start":{"line":233,"column":4},"end":{"line":233,"column":31}},"113":{"start":{"line":237,"column":23},"end":{"line":248,"column":1}},"114":{"start":{"line":239,"column":4},"end":{"line":239,"column":17}},"115":{"start":{"line":243,"column":4},"end":{"line":243,"column":17}},"116":{"start":{"line":246,"column":4},"end":{"line":246,"column":17}},"117":{"start":{"line":250,"column":0},"end":{"line":262,"column":2}}},"fnMap":{"0":{"name":"(anonymous_0)","decl":{"start":{"line":19,"column":17},"end":{"line":19,"column":18}},"loc":{"start":{"line":19,"column":37},"end":{"line":42,"column":1}},"line":19},"1":{"name":"(anonymous_1)","decl":{"start":{"line":26,"column":8},"end":{"line":26,"column":9}},"loc":{"start":{"line":26,"column":23},"end":{"line":36,"column":9}},"line":26},"2":{"name":"(anonymous_2)","decl":{"start":{"line":33,"column":35},"end":{"line":33,"column":36}},"loc":{"start":{"line":33,"column":49},"end":{"line":35,"column":11}},"line":33},"3":{"name":"(anonymous_3)","decl":{"start":{"line":44,"column":18},"end":{"line":44,"column":19}},"loc":{"start":{"line":44,"column":38},"end":{"line":57,"column":1}},"line":44},"4":{"name":"(anonymous_4)","decl":{"start":{"line":59,"column":21},"end":{"line":59,"column":22}},"loc":{"start":{"line":59,"column":41},"end":{"line":73,"column":1}},"line":59},"5":{"name":"(anonymous_5)","decl":{"start":{"line":67,"column":49},"end":{"line":67,"column":50}},"loc":{"start":{"line":67,"column":70},"end":{"line":69,"column":5}},"line":67},"6":{"name":"(anonymous_6)","decl":{"start":{"line":75,"column":18},"end":{"line":75,"column":19}},"loc":{"start":{"line":75,"column":38},"end":{"line":112,"column":1}},"line":75},"7":{"name":"(anonymous_7)","decl":{"start":{"line":86,"column":37},"end":{"line":86,"column":38}},"loc":{"start":{"line":86,"column":58},"end":{"line":108,"column":5}},"line":86},"8":{"name":"(anonymous_8)","decl":{"start":{"line":90,"column":59},"end":{"line":90,"column":60}},"loc":{"start":{"line":90,"column":74},"end":{"line":102,"column":9}},"line":90},"9":{"name":"(anonymous_9)","decl":{"start":{"line":114,"column":17},"end":{"line":114,"column":18}},"loc":{"start":{"line":114,"column":37},"end":{"line":146,"column":1}},"line":114},"10":{"name":"(anonymous_10)","decl":{"start":{"line":124,"column":37},"end":{"line":124,"column":38}},"loc":{"start":{"line":124,"column":58},"end":{"line":142,"column":5}},"line":124},"11":{"name":"(anonymous_11)","decl":{"start":{"line":127,"column":58},"end":{"line":127,"column":59}},"loc":{"start":{"line":127,"column":73},"end":{"line":136,"column":9}},"line":127},"12":{"name":"(anonymous_12)","decl":{"start":{"line":147,"column":18},"end":{"line":147,"column":19}},"loc":{"start":{"line":147,"column":38},"end":{"line":172,"column":1}},"line":147},"13":{"name":"(anonymous_13)","decl":{"start":{"line":155,"column":37},"end":{"line":155,"column":38}},"loc":{"start":{"line":155,"column":58},"end":{"line":168,"column":5}},"line":155},"14":{"name":"(anonymous_14)","decl":{"start":{"line":159,"column":37},"end":{"line":159,"column":38}},"loc":{"start":{"line":159,"column":52},"end":{"line":162,"column":9}},"line":159},"15":{"name":"(anonymous_15)","decl":{"start":{"line":174,"column":11},"end":{"line":174,"column":12}},"loc":{"start":{"line":174,"column":31},"end":{"line":184,"column":1}},"line":174},"16":{"name":"(anonymous_16)","decl":{"start":{"line":186,"column":12},"end":{"line":186,"column":13}},"loc":{"start":{"line":186,"column":26},"end":{"line":202,"column":1}},"line":186},"17":{"name":"(anonymous_17)","decl":{"start":{"line":194,"column":58},"end":{"line":194,"column":59}},"loc":{"start":{"line":194,"column":74},"end":{"line":198,"column":5}},"line":194},"18":{"name":"(anonymous_18)","decl":{"start":{"line":204,"column":15},"end":{"line":204,"column":16}},"loc":{"start":{"line":204,"column":35},"end":{"line":219,"column":1}},"line":204},"19":{"name":"(anonymous_19)","decl":{"start":{"line":206,"column":39},"end":{"line":206,"column":40}},"loc":{"start":{"line":206,"column":58},"end":{"line":215,"column":5}},"line":206},"20":{"name":"verifyToken","decl":{"start":{"line":221,"column":9},"end":{"line":221,"column":20}},"loc":{"start":{"line":221,"column":37},"end":{"line":235,"column":1}},"line":221},"21":{"name":"(anonymous_21)","decl":{"start":{"line":238,"column":7},"end":{"line":238,"column":8}},"loc":{"start":{"line":238,"column":23},"end":{"line":240,"column":3}},"line":238},"22":{"name":"(anonymous_22)","decl":{"start":{"line":242,"column":8},"end":{"line":242,"column":9}},"loc":{"start":{"line":242,"column":24},"end":{"line":244,"column":3}},"line":242},"23":{"name":"(anonymous_23)","decl":{"start":{"line":245,"column":11},"end":{"line":245,"column":12}},"loc":{"start":{"line":245,"column":27},"end":{"line":247,"column":3}},"line":245}},"branchMap":{"0":{"loc":{"start":{"line":21,"column":4},"end":{"line":38,"column":23}},"type":"if","locations":[{"start":{"line":21,"column":4},"end":{"line":38,"column":23}},{"start":{"line":38,"column":11},"end":{"line":38,"column":23}}],"line":21},"1":{"loc":{"start":{"line":21,"column":8},"end":{"line":21,"column":38}},"type":"binary-expr","locations":[{"start":{"line":21,"column":8},"end":{"line":21,"column":21}},{"start":{"line":21,"column":25},"end":{"line":21,"column":38}}],"line":21},"2":{"loc":{"start":{"line":88,"column":6},"end":{"line":107,"column":7}},"type":"if","locations":[{"start":{"line":88,"column":6},"end":{"line":107,"column":7}},{"start":{"line":103,"column":13},"end":{"line":107,"column":7}}],"line":88},"3":{"loc":{"start":{"line":103,"column":13},"end":{"line":107,"column":7}},"type":"if","locations":[{"start":{"line":103,"column":13},"end":{"line":107,"column":7}},{"start":{},"end":{}}],"line":103},"4":{"loc":{"start":{"line":125,"column":6},"end":{"line":141,"column":7}},"type":"if","locations":[{"start":{"line":125,"column":6},"end":{"line":141,"column":7}},{"start":{"line":137,"column":13},"end":{"line":141,"column":7}}],"line":125},"5":{"loc":{"start":{"line":137,"column":13},"end":{"line":141,"column":7}},"type":"if","locations":[{"start":{"line":137,"column":13},"end":{"line":141,"column":7}},{"start":{},"end":{}}],"line":137},"6":{"loc":{"start":{"line":157,"column":6},"end":{"line":167,"column":7}},"type":"if","locations":[{"start":{"line":157,"column":6},"end":{"line":167,"column":7}},{"start":{"line":163,"column":13},"end":{"line":167,"column":7}}],"line":157},"7":{"loc":{"start":{"line":163,"column":13},"end":{"line":167,"column":7}},"type":"if","locations":[{"start":{"line":163,"column":13},"end":{"line":167,"column":7}},{"start":{},"end":{}}],"line":163},"8":{"loc":{"start":{"line":207,"column":6},"end":{"line":214,"column":7}},"type":"if","locations":[{"start":{"line":207,"column":6},"end":{"line":214,"column":7}},{"start":{"line":209,"column":13},"end":{"line":214,"column":7}}],"line":207},"9":{"loc":{"start":{"line":224,"column":4},"end":{"line":231,"column":5}},"type":"if","locations":[{"start":{"line":224,"column":4},"end":{"line":231,"column":5}},{"start":{"line":229,"column":11},"end":{"line":231,"column":5}}],"line":224}},"s":{"0":1,"1":1,"2":1,"3":1,"4":1,"5":1,"6":1,"7":1,"8":1,"9":1,"10":1,"11":1,"12":1,"13":1,"14":1,"15":1,"16":1,"17":2,"18":2,"19":1,"20":1,"21":1,"22":1,"23":1,"24":1,"25":1,"26":1,"27":1,"28":1,"29":1,"30":1,"31":0,"32":0,"33":1,"34":2,"35":2,"36":2,"37":2,"38":1,"39":1,"40":1,"41":0,"42":0,"43":0,"44":0,"45":0,"46":0,"47":0,"48":0,"49":0,"50":0,"51":0,"52":0,"53":0,"54":0,"55":1,"56":0,"57":0,"58":0,"59":0,"60":0,"61":0,"62":0,"63":0,"64":0,"65":0,"66":0,"67":0,"68":0,"69":1,"70":0,"71":0,"72":0,"73":0,"74":0,"75":0,"76":0,"77":0,"78":0,"79":0,"80":0,"81":0,"82":0,"83":1,"84":0,"85":0,"86":0,"87":0,"88":0,"89":0,"90":0,"91":1,"92":0,"93":0,"94":0,"95":0,"96":0,"97":1,"98":0,"99":0,"100":0,"101":0,"102":0,"103":0,"104":0,"105":0,"106":0,"107":0,"108":0,"109":0,"110":0,"111":0,"112":0,"113":1,"114":1,"115":1,"116":1,"117":1},"f":{"0":2,"1":1,"2":1,"3":1,"4":2,"5":1,"6":0,"7":0,"8":0,"9":0,"10":0,"11":0,"12":0,"13":0,"14":0,"15":0,"16":0,"17":0,"18":0,"19":0,"20":0,"21":1,"22":1,"23":1},"b":{"0":[1,1],"1":[2,1],"2":[0,0],"3":[0,0],"4":[0,0],"5":[0,0],"6":[0,0],"7":[0,0],"8":[0,0],"9":[0,0]},"_coverageSchema":"1a1c01bbd47fc00a2c39e90264f33305004495a9","hash":"ab8a2c0da652a32c041a5ae883b314357ea25a39"}
,"D:\\CelebalTasks\\Notepad\\model\\notes.js": {"path":"D:\\CelebalTasks\\Notepad\\model\\notes.js","statementMap":{"0":{"start":{"line":1,"column":0},"end":{"line":19,"column":2}},"1":{"start":{"line":2,"column":16},"end":{"line":16,"column":4}},"2":{"start":{"line":18,"column":2},"end":{"line":18,"column":15}}},"fnMap":{"0":{"name":"(anonymous_0)","decl":{"start":{"line":1,"column":17},"end":{"line":1,"column":18}},"loc":{"start":{"line":1,"column":43},"end":{"line":19,"column":1}},"line":1}},"branchMap":{},"s":{"0":1,"1":1,"2":1},"f":{"0":1},"b":{},"_coverageSchema":"1a1c01bbd47fc00a2c39e90264f33305004495a9","hash":"637ead71962d87addbfc019809005de6878d9d7b"}
,"D:\\CelebalTasks\\Notepad\\routes\\index.js": {"path":"D:\\CelebalTasks\\Notepad\\routes\\index.js","statementMap":{"0":{"start":{"line":1,"column":14},"end":{"line":1,"column":32}},"1":{"start":{"line":2,"column":13},"end":{"line":2,"column":29}},"2":{"start":{"line":5,"column":0},"end":{"line":7,"column":3}},"3":{"start":{"line":6,"column":2},"end":{"line":6,"column":44}},"4":{"start":{"line":9,"column":0},"end":{"line":9,"column":24}}},"fnMap":{"0":{"name":"(anonymous_0)","decl":{"start":{"line":5,"column":16},"end":{"line":5,"column":17}},"loc":{"start":{"line":5,"column":42},"end":{"line":7,"column":1}},"line":5}},"branchMap":{},"s":{"0":1,"1":1,"2":1,"3":0,"4":1},"f":{"0":0},"b":{},"_coverageSchema":"1a1c01bbd47fc00a2c39e90264f33305004495a9","hash":"bccdb557979e047b5ac0bc51127baac75a9823eb"}
,"D:\\CelebalTasks\\Notepad\\routes\\users.js": {"path":"D:\\CelebalTasks\\Notepad\\routes\\users.js","statementMap":{"0":{"start":{"line":1,"column":16},"end":{"line":1,"column":34}},"1":{"start":{"line":2,"column":15},"end":{"line":2,"column":31}},"2":{"start":{"line":3,"column":22},"end":{"line":3,"column":53}},"3":{"start":{"line":4,"column":12},"end":{"line":4,"column":35}},"4":{"start":{"line":5,"column":14},"end":{"line":5,"column":36}},"5":{"start":{"line":7,"column":0},"end":{"line":7,"column":49}},"6":{"start":{"line":9,"column":0},"end":{"line":9,"column":64}},"7":{"start":{"line":13,"column":0},"end":{"line":13,"column":53}},"8":{"start":{"line":15,"column":0},"end":{"line":15,"column":51}},"9":{"start":{"line":17,"column":0},"end":{"line":17,"column":56}},"10":{"start":{"line":19,"column":0},"end":{"line":19,"column":65}},"11":{"start":{"line":21,"column":0},"end":{"line":21,"column":43}},"12":{"start":{"line":48,"column":0},"end":{"line":48,"column":76}},"13":{"start":{"line":61,"column":0},"end":{"line":61,"column":37}},"14":{"start":{"line":63,"column":0},"end":{"line":63,"column":24}}},"fnMap":{},"branchMap":{},"s":{"0":1,"1":1,"2":1,"3":1,"4":1,"5":1,"6":1,"7":1,"8":1,"9":1,"10":1,"11":1,"12":1,"13":1,"14":1},"f":{},"b":{},"_coverageSchema":"1a1c01bbd47fc00a2c39e90264f33305004495a9","hash":"67ecfda86752045cffca658565f33757355f368d"}
}
