TN:
SF:app.js
FN:73,(anonymous_0)
FN:82,(anonymous_1)
FNF:2
FNH:0
FNDA:0,(anonymous_0)
FNDA:0,(anonymous_1)
DA:1,1
DA:2,1
DA:3,1
DA:4,1
DA:5,1
DA:6,1
DA:7,1
DA:8,1
DA:9,1
DA:10,1
DA:11,1
DA:12,1
DA:14,1
DA:16,1
DA:17,1
DA:18,1
DA:20,1
DA:21,1
DA:23,1
DA:47,1
DA:55,1
DA:56,1
DA:58,1
DA:59,1
DA:60,1
DA:61,1
DA:62,1
DA:63,1
DA:65,1
DA:67,1
DA:68,1
DA:70,1
DA:71,1
DA:73,1
DA:74,0
DA:79,0
DA:83,0
DA:84,0
DA:90,1
DA:92,1
LF:40
LH:36
BRDA:83,0,0,0
BRDA:83,0,1,0
BRDA:84,1,0,0
BRDA:84,1,1,0
BRF:4
BRH:0
end_of_record
TN:
SF:cache.js
FN:5,(anonymous_0)
FN:5,(anonymous_1)
FN:24,(anonymous_2)
FNF:3
FNH:3
FNDA:2,(anonymous_0)
FNDA:3,(anonymous_1)
FNDA:4,(anonymous_2)
DA:1,1
DA:3,1
DA:5,2
DA:7,3
DA:9,0
DA:10,0
DA:13,3
DA:15,3
DA:17,3
DA:18,0
DA:19,0
DA:21,3
DA:22,3
DA:23,3
DA:24,3
DA:25,4
DA:26,4
DA:28,3
LF:18
LH:14
BRDA:7,0,0,0
BRDA:7,0,1,3
BRDA:17,1,0,0
BRDA:17,1,1,3
BRF:4
BRH:2
end_of_record
TN:
SF:config\config
FNF:0
FNH:0
DA:1,1
DA:3,1
DA:13,1
DA:15,1
DA:16,1
DA:18,1
DA:20,1
LF:7
LH:7
BRF:0
BRH:0
end_of_record
TN:
SF:controllers\users.js
FN:19,(anonymous_0)
FN:26,(anonymous_1)
FN:33,(anonymous_2)
FN:44,(anonymous_3)
FN:59,(anonymous_4)
FN:67,(anonymous_5)
FN:75,(anonymous_6)
FN:86,(anonymous_7)
FN:90,(anonymous_8)
FN:114,(anonymous_9)
FN:124,(anonymous_10)
FN:127,(anonymous_11)
FN:147,(anonymous_12)
FN:155,(anonymous_13)
FN:159,(anonymous_14)
FN:174,(anonymous_15)
FN:186,(anonymous_16)
FN:194,(anonymous_17)
FN:204,(anonymous_18)
FN:206,(anonymous_19)
FN:221,verifyToken
FN:238,(anonymous_21)
FN:242,(anonymous_22)
FN:245,(anonymous_23)
FNF:24
FNH:9
FNDA:2,(anonymous_0)
FNDA:1,(anonymous_1)
FNDA:1,(anonymous_2)
FNDA:1,(anonymous_3)
FNDA:2,(anonymous_4)
FNDA:1,(anonymous_5)
FNDA:0,(anonymous_6)
FNDA:0,(anonymous_7)
FNDA:0,(anonymous_8)
FNDA:0,(anonymous_9)
FNDA:0,(anonymous_10)
FNDA:0,(anonymous_11)
FNDA:0,(anonymous_12)
FNDA:0,(anonymous_13)
FNDA:0,(anonymous_14)
FNDA:0,(anonymous_15)
FNDA:0,(anonymous_16)
FNDA:0,(anonymous_17)
FNDA:0,(anonymous_18)
FNDA:0,(anonymous_19)
FNDA:0,verifyToken
FNDA:1,(anonymous_21)
FNDA:1,(anonymous_22)
FNDA:1,(anonymous_23)
DA:1,1
DA:2,1
DA:3,1
DA:4,1
DA:5,1
DA:6,1
DA:7,1
DA:8,1
DA:9,1
DA:10,1
DA:11,1
DA:12,1
DA:13,1
DA:14,1
DA:15,1
DA:17,1
DA:19,1
DA:20,2
DA:21,2
DA:22,1
DA:23,1
DA:27,1
DA:33,1
DA:34,1
DA:38,1
DA:40,1
DA:44,1
DA:45,1
DA:46,1
DA:49,1
DA:50,1
DA:52,0
DA:55,0
DA:59,1
DA:60,2
DA:61,2
DA:62,2
DA:67,2
DA:68,1
DA:71,1
DA:75,1
DA:76,0
DA:77,0
DA:78,0
DA:80,0
DA:86,0
DA:87,0
DA:88,0
DA:89,0
DA:90,0
DA:95,0
DA:101,0
DA:103,0
DA:104,0
DA:110,0
DA:114,1
DA:115,0
DA:116,0
DA:117,0
DA:118,0
DA:124,0
DA:125,0
DA:126,0
DA:127,0
DA:129,0
DA:135,0
DA:137,0
DA:138,0
DA:144,0
DA:147,1
DA:148,0
DA:149,0
DA:150,0
DA:155,0
DA:156,0
DA:157,0
DA:158,0
DA:159,0
DA:160,0
DA:161,0
DA:163,0
DA:164,0
DA:170,0
DA:174,1
DA:175,0
DA:176,0
DA:177,0
DA:178,0
DA:179,0
DA:180,0
DA:182,0
DA:186,1
DA:187,0
DA:189,0
DA:194,0
DA:195,0
DA:200,0
DA:204,1
DA:205,0
DA:206,0
DA:207,0
DA:208,0
DA:210,0
DA:217,0
DA:222,0
DA:223,0
DA:224,0
DA:225,0
DA:226,0
DA:227,0
DA:228,0
DA:230,0
DA:233,0
DA:237,1
DA:239,1
DA:243,1
DA:246,1
DA:250,1
LF:118
LH:49
BRDA:21,0,0,1
BRDA:21,0,1,1
BRDA:21,1,0,2
BRDA:21,1,1,1
BRDA:88,2,0,0
BRDA:88,2,1,0
BRDA:103,3,0,0
BRDA:103,3,1,0
BRDA:125,4,0,0
BRDA:125,4,1,0
BRDA:137,5,0,0
BRDA:137,5,1,0
BRDA:157,6,0,0
BRDA:157,6,1,0
BRDA:163,7,0,0
BRDA:163,7,1,0
BRDA:207,8,0,0
BRDA:207,8,1,0
BRDA:224,9,0,0
BRDA:224,9,1,0
BRF:20
BRH:4
end_of_record
TN:
SF:model\notes.js
FN:1,(anonymous_0)
FNF:1
FNH:1
FNDA:1,(anonymous_0)
DA:1,1
DA:2,1
DA:18,1
LF:3
LH:3
BRF:0
BRH:0
end_of_record
TN:
SF:routes\index.js
FN:5,(anonymous_0)
FNF:1
FNH:0
FNDA:0,(anonymous_0)
DA:1,1
DA:2,1
DA:5,1
DA:6,0
DA:9,1
LF:5
LH:4
BRF:0
BRH:0
end_of_record
TN:
SF:routes\users.js
FNF:0
FNH:0
DA:1,1
DA:2,1
DA:3,1
DA:4,1
DA:5,1
DA:7,1
DA:9,1
DA:13,1
DA:15,1
DA:17,1
DA:19,1
DA:21,1
DA:48,1
DA:61,1
DA:63,1
LF:15
LH:15
BRF:0
BRH:0
end_of_record
